{"D:\\collabspace\\server\\index.js": {"path":"D:\\collabspace\\server\\index.js","statementMap":{"0":{"start":{"line":1,"column":13},"end":{"line":1,"column":28}},"1":{"start":{"line":2,"column":13},"end":{"line":2,"column":28}},"2":{"start":{"line":3,"column":17},"end":{"line":3,"column":37}},"3":{"start":{"line":4,"column":16},"end":{"line":4,"column":34}},"4":{"start":{"line":5,"column":0},"end":{"line":5,"column":26}},"5":{"start":{"line":6,"column":19},"end":{"line":6,"column":41}},"6":{"start":{"line":7,"column":19},"end":{"line":7,"column":49}},"7":{"start":{"line":8,"column":22},"end":{"line":8,"column":55}},"8":{"start":{"line":9,"column":26},"end":{"line":9,"column":63}},"9":{"start":{"line":10,"column":22},"end":{"line":10,"column":55}},"10":{"start":{"line":11,"column":27},"end":{"line":11,"column":65}},"11":{"start":{"line":12,"column":17},"end":{"line":12,"column":45}},"12":{"start":{"line":13,"column":12},"end":{"line":13,"column":21}},"13":{"start":{"line":15,"column":0},"end":{"line":17,"column":3}},"14":{"start":{"line":19,"column":15},"end":{"line":19,"column":37}},"15":{"start":{"line":20,"column":11},"end":{"line":24,"column":2}},"16":{"start":{"line":25,"column":0},"end":{"line":25,"column":17}},"17":{"start":{"line":27,"column":19},"end":{"line":27,"column":45}},"18":{"start":{"line":28,"column":0},"end":{"line":28,"column":14}},"19":{"start":{"line":32,"column":0},"end":{"line":32,"column":23}},"20":{"start":{"line":34,"column":0},"end":{"line":36,"column":2}},"21":{"start":{"line":35,"column":4},"end":{"line":35,"column":45}},"22":{"start":{"line":38,"column":0},"end":{"line":38,"column":31}},"23":{"start":{"line":39,"column":0},"end":{"line":39,"column":37}},"24":{"start":{"line":40,"column":0},"end":{"line":40,"column":45}},"25":{"start":{"line":41,"column":0},"end":{"line":41,"column":37}},"26":{"start":{"line":42,"column":0},"end":{"line":42,"column":49}},"27":{"start":{"line":43,"column":0},"end":{"line":43,"column":31}},"28":{"start":{"line":45,"column":0},"end":{"line":51,"column":1}},"29":{"start":{"line":46,"column":4},"end":{"line":46,"column":15}},"30":{"start":{"line":47,"column":4},"end":{"line":49,"column":6}},"31":{"start":{"line":48,"column":8},"end":{"line":48,"column":81}},"32":{"start":{"line":52,"column":0},"end":{"line":52,"column":20}}},"fnMap":{"0":{"name":"(anonymous_0)","decl":{"start":{"line":34,"column":13},"end":{"line":34,"column":14}},"loc":{"start":{"line":34,"column":24},"end":{"line":36,"column":1}},"line":34},"1":{"name":"(anonymous_1)","decl":{"start":{"line":47,"column":36},"end":{"line":47,"column":37}},"loc":{"start":{"line":47,"column":40},"end":{"line":49,"column":5}},"line":47}},"branchMap":{"0":{"loc":{"start":{"line":45,"column":0},"end":{"line":51,"column":1}},"type":"if","locations":[{"start":{"line":45,"column":0},"end":{"line":51,"column":1}},{"start":{},"end":{}}],"line":45}},"s":{"0":4,"1":4,"2":4,"3":4,"4":4,"5":4,"6":4,"7":4,"8":4,"9":4,"10":4,"11":4,"12":4,"13":4,"14":4,"15":4,"16":4,"17":4,"18":4,"19":4,"20":4,"21":0,"22":4,"23":4,"24":4,"25":4,"26":4,"27":4,"28":4,"29":0,"30":0,"31":0,"32":4},"f":{"0":0,"1":0},"b":{"0":[0,4]},"_coverageSchema":"1a1c01bbd47fc00a2c39e90264f33305004495a9","hash":"6adcb0e92f719fafa079ca19c72449e7ff336229"}
,"D:\\collabspace\\server\\config\\db.js": {"path":"D:\\collabspace\\server\\config\\db.js","statementMap":{"0":{"start":{"line":1,"column":17},"end":{"line":1,"column":36}},"1":{"start":{"line":3,"column":18},"end":{"line":13,"column":1}},"2":{"start":{"line":4,"column":4},"end":{"line":12,"column":5}},"3":{"start":{"line":5,"column":8},"end":{"line":5,"column":53}},"4":{"start":{"line":6,"column":8},"end":{"line":6,"column":68}},"5":{"start":{"line":9,"column":8},"end":{"line":9,"column":63}},"6":{"start":{"line":10,"column":8},"end":{"line":10,"column":23}},"7":{"start":{"line":14,"column":0},"end":{"line":14,"column":26}}},"fnMap":{"0":{"name":"(anonymous_0)","decl":{"start":{"line":3,"column":18},"end":{"line":3,"column":19}},"loc":{"start":{"line":3,"column":28},"end":{"line":13,"column":1}},"line":3}},"branchMap":{},"s":{"0":4,"1":4,"2":0,"3":0,"4":0,"5":0,"6":0,"7":4},"f":{"0":0},"b":{},"_coverageSchema":"1a1c01bbd47fc00a2c39e90264f33305004495a9","hash":"6dacf735572f7119be4cc4688a44e34c6bce8c93"}
,"D:\\collabspace\\server\\config\\socket.js": {"path":"D:\\collabspace\\server\\config\\socket.js","statementMap":{"0":{"start":{"line":1,"column":16},"end":{"line":1,"column":44}},"1":{"start":{"line":3,"column":0},"end":{"line":39,"column":1}},"2":{"start":{"line":5,"column":4},"end":{"line":38,"column":6}},"3":{"start":{"line":7,"column":8},"end":{"line":7,"column":50}},"4":{"start":{"line":11,"column":8},"end":{"line":15,"column":10}},"5":{"start":{"line":13,"column":12},"end":{"line":13,"column":34}},"6":{"start":{"line":14,"column":12},"end":{"line":14,"column":60}},"7":{"start":{"line":17,"column":8},"end":{"line":19,"column":10}},"8":{"start":{"line":18,"column":12},"end":{"line":18,"column":31}},"9":{"start":{"line":21,"column":4},"end":{"line":31,"column":6}},"10":{"start":{"line":22,"column":47},"end":{"line":22,"column":51}},"11":{"start":{"line":23,"column":24},"end":{"line":27,"column":10}},"12":{"start":{"line":29,"column":29},"end":{"line":29,"column":93}},"13":{"start":{"line":30,"column":8},"end":{"line":30,"column":61}},"14":{"start":{"line":34,"column":4},"end":{"line":36,"column":6}},"15":{"start":{"line":35,"column":8},"end":{"line":35,"column":52}}},"fnMap":{"0":{"name":"(anonymous_0)","decl":{"start":{"line":3,"column":17},"end":{"line":3,"column":18}},"loc":{"start":{"line":3,"column":24},"end":{"line":39,"column":1}},"line":3},"1":{"name":"(anonymous_1)","decl":{"start":{"line":5,"column":24},"end":{"line":5,"column":25}},"loc":{"start":{"line":5,"column":34},"end":{"line":38,"column":5}},"line":5},"2":{"name":"(anonymous_2)","decl":{"start":{"line":11,"column":30},"end":{"line":11,"column":31}},"loc":{"start":{"line":11,"column":43},"end":{"line":15,"column":9}},"line":11},"3":{"name":"(anonymous_3)","decl":{"start":{"line":17,"column":33},"end":{"line":17,"column":34}},"loc":{"start":{"line":17,"column":43},"end":{"line":19,"column":9}},"line":17},"4":{"name":"(anonymous_4)","decl":{"start":{"line":21,"column":29},"end":{"line":21,"column":30}},"loc":{"start":{"line":21,"column":43},"end":{"line":31,"column":5}},"line":21},"5":{"name":"(anonymous_5)","decl":{"start":{"line":34,"column":28},"end":{"line":34,"column":29}},"loc":{"start":{"line":34,"column":32},"end":{"line":36,"column":5}},"line":34}},"branchMap":{},"s":{"0":4,"1":4,"2":4,"3":0,"4":0,"5":0,"6":0,"7":0,"8":0,"9":0,"10":0,"11":0,"12":0,"13":0,"14":0,"15":0},"f":{"0":4,"1":0,"2":0,"3":0,"4":0,"5":0},"b":{},"_coverageSchema":"1a1c01bbd47fc00a2c39e90264f33305004495a9","hash":"870453365376249752149deec28de5d884d5fb8c"}
,"D:\\collabspace\\server\\controllers\\aiController.js": {"path":"D:\\collabspace\\server\\controllers\\aiController.js","statementMap":{"0":{"start":{"line":1,"column":16},"end":{"line":1,"column":44}},"1":{"start":{"line":2,"column":13},"end":{"line":2,"column":38}},"2":{"start":{"line":3,"column":54},"end":{"line":3,"column":87}},"3":{"start":{"line":5,"column":15},"end":{"line":16,"column":1}},"4":{"start":{"line":6,"column":4},"end":{"line":15,"column":5}},"5":{"start":{"line":7,"column":25},"end":{"line":7,"column":49}},"6":{"start":{"line":8,"column":4},"end":{"line":11,"column":6}},"7":{"start":{"line":14,"column":8},"end":{"line":14,"column":51}},"8":{"start":{"line":18,"column":26},"end":{"line":51,"column":1}},"9":{"start":{"line":19,"column":3},"end":{"line":50,"column":4}},"10":{"start":{"line":21,"column":17},"end":{"line":21,"column":49}},"11":{"start":{"line":23,"column":4},"end":{"line":25,"column":5}},"12":{"start":{"line":24,"column":8},"end":{"line":24,"column":77}},"13":{"start":{"line":28,"column":20},"end":{"line":34,"column":5}},"14":{"start":{"line":37,"column":4},"end":{"line":39,"column":5}},"15":{"start":{"line":38,"column":8},"end":{"line":38,"column":84}},"16":{"start":{"line":41,"column":27},"end":{"line":44,"column":5}},"17":{"start":{"line":46,"column":4},"end":{"line":46,"column":60}},"18":{"start":{"line":49,"column":4},"end":{"line":49,"column":61}},"19":{"start":{"line":52,"column":0},"end":{"line":52,"column":42}}},"fnMap":{"0":{"name":"(anonymous_0)","decl":{"start":{"line":5,"column":15},"end":{"line":5,"column":16}},"loc":{"start":{"line":5,"column":31},"end":{"line":16,"column":1}},"line":5},"1":{"name":"(anonymous_1)","decl":{"start":{"line":18,"column":26},"end":{"line":18,"column":27}},"loc":{"start":{"line":18,"column":42},"end":{"line":51,"column":1}},"line":18}},"branchMap":{"0":{"loc":{"start":{"line":23,"column":4},"end":{"line":25,"column":5}},"type":"if","locations":[{"start":{"line":23,"column":4},"end":{"line":25,"column":5}},{"start":{},"end":{}}],"line":23},"1":{"loc":{"start":{"line":37,"column":4},"end":{"line":39,"column":5}},"type":"if","locations":[{"start":{"line":37,"column":4},"end":{"line":39,"column":5}},{"start":{},"end":{}}],"line":37}},"s":{"0":4,"1":4,"2":4,"3":4,"4":0,"5":0,"6":0,"7":0,"8":4,"9":0,"10":0,"11":0,"12":0,"13":0,"14":0,"15":0,"16":0,"17":0,"18":0,"19":4},"f":{"0":0,"1":0},"b":{"0":[0,0],"1":[0,0]},"_coverageSchema":"1a1c01bbd47fc00a2c39e90264f33305004495a9","hash":"a27a5d11675ae63e4eb15643724a45c3f1f4a2c0"}
,"D:\\collabspace\\server\\controllers\\authController.js": {"path":"D:\\collabspace\\server\\controllers\\authController.js","statementMap":{"0":{"start":{"line":1,"column":13},"end":{"line":1,"column":38}},"1":{"start":{"line":2,"column":15},"end":{"line":2,"column":34}},"2":{"start":{"line":3,"column":12},"end":{"line":3,"column":35}},"3":{"start":{"line":6,"column":17},"end":{"line":43,"column":1}},"4":{"start":{"line":7,"column":3},"end":{"line":42,"column":4}},"5":{"start":{"line":8,"column":68},"end":{"line":8,"column":76}},"6":{"start":{"line":9,"column":25},"end":{"line":9,"column":52}},"7":{"start":{"line":10,"column":4},"end":{"line":15,"column":5}},"8":{"start":{"line":11,"column":7},"end":{"line":14,"column":10}},"9":{"start":{"line":16,"column":27},"end":{"line":16,"column":57}},"10":{"start":{"line":17,"column":17},"end":{"line":24,"column":6}},"11":{"start":{"line":25,"column":22},"end":{"line":25,"column":39}},"12":{"start":{"line":26,"column":4},"end":{"line":36,"column":6}},"13":{"start":{"line":39,"column":4},"end":{"line":41,"column":6}},"14":{"start":{"line":45,"column":14},"end":{"line":90,"column":1}},"15":{"start":{"line":46,"column":4},"end":{"line":84,"column":5}},"16":{"start":{"line":49,"column":30},"end":{"line":49,"column":38}},"17":{"start":{"line":51,"column":25},"end":{"line":51,"column":52}},"18":{"start":{"line":52,"column":8},"end":{"line":56,"column":9}},"19":{"start":{"line":53,"column":12},"end":{"line":55,"column":14}},"20":{"start":{"line":57,"column":25},"end":{"line":57,"column":74}},"21":{"start":{"line":58,"column":9},"end":{"line":62,"column":10}},"22":{"start":{"line":59,"column":12},"end":{"line":61,"column":14}},"23":{"start":{"line":63,"column":22},"end":{"line":67,"column":9}},"24":{"start":{"line":68,"column":8},"end":{"line":76,"column":10}},"25":{"start":{"line":80,"column":8},"end":{"line":80,"column":48}},"26":{"start":{"line":81,"column":8},"end":{"line":83,"column":10}},"27":{"start":{"line":92,"column":22},"end":{"line":117,"column":1}},"28":{"start":{"line":93,"column":4},"end":{"line":116,"column":5}},"29":{"start":{"line":94,"column":21},"end":{"line":94,"column":53}},"30":{"start":{"line":95,"column":4},"end":{"line":97,"column":5}},"31":{"start":{"line":96,"column":8},"end":{"line":96,"column":77}},"32":{"start":{"line":98,"column":4},"end":{"line":109,"column":6}},"33":{"start":{"line":111,"column":8},"end":{"line":114,"column":10}},"34":{"start":{"line":119,"column":22},"end":{"line":137,"column":1}},"35":{"start":{"line":120,"column":4},"end":{"line":136,"column":5}},"36":{"start":{"line":121,"column":55},"end":{"line":121,"column":63}},"37":{"start":{"line":122,"column":27},"end":{"line":125,"column":29}},"38":{"start":{"line":126,"column":8},"end":{"line":128,"column":9}},"39":{"start":{"line":127,"column":12},"end":{"line":127,"column":81}},"40":{"start":{"line":129,"column":8},"end":{"line":133,"column":10}},"41":{"start":{"line":135,"column":8},"end":{"line":135,"column":82}},"42":{"start":{"line":139,"column":0},"end":{"line":139,"column":61}}},"fnMap":{"0":{"name":"(anonymous_0)","decl":{"start":{"line":6,"column":17},"end":{"line":6,"column":18}},"loc":{"start":{"line":6,"column":33},"end":{"line":43,"column":1}},"line":6},"1":{"name":"(anonymous_1)","decl":{"start":{"line":45,"column":14},"end":{"line":45,"column":15}},"loc":{"start":{"line":45,"column":30},"end":{"line":90,"column":1}},"line":45},"2":{"name":"(anonymous_2)","decl":{"start":{"line":92,"column":22},"end":{"line":92,"column":23}},"loc":{"start":{"line":92,"column":38},"end":{"line":117,"column":1}},"line":92},"3":{"name":"(anonymous_3)","decl":{"start":{"line":119,"column":22},"end":{"line":119,"column":23}},"loc":{"start":{"line":119,"column":38},"end":{"line":137,"column":1}},"line":119}},"branchMap":{"0":{"loc":{"start":{"line":10,"column":4},"end":{"line":15,"column":5}},"type":"if","locations":[{"start":{"line":10,"column":4},"end":{"line":15,"column":5}},{"start":{},"end":{}}],"line":10},"1":{"loc":{"start":{"line":52,"column":8},"end":{"line":56,"column":9}},"type":"if","locations":[{"start":{"line":52,"column":8},"end":{"line":56,"column":9}},{"start":{},"end":{}}],"line":52},"2":{"loc":{"start":{"line":58,"column":9},"end":{"line":62,"column":10}},"type":"if","locations":[{"start":{"line":58,"column":9},"end":{"line":62,"column":10}},{"start":{},"end":{}}],"line":58},"3":{"loc":{"start":{"line":95,"column":4},"end":{"line":97,"column":5}},"type":"if","locations":[{"start":{"line":95,"column":4},"end":{"line":97,"column":5}},{"start":{},"end":{}}],"line":95},"4":{"loc":{"start":{"line":113,"column":20},"end":{"line":113,"column":58}},"type":"binary-expr","locations":[{"start":{"line":113,"column":20},"end":{"line":113,"column":31}},{"start":{"line":113,"column":35},"end":{"line":113,"column":58}}],"line":113},"5":{"loc":{"start":{"line":126,"column":8},"end":{"line":128,"column":9}},"type":"if","locations":[{"start":{"line":126,"column":8},"end":{"line":128,"column":9}},{"start":{},"end":{}}],"line":126},"6":{"loc":{"start":{"line":135,"column":40},"end":{"line":135,"column":78}},"type":"binary-expr","locations":[{"start":{"line":135,"column":40},"end":{"line":135,"column":51}},{"start":{"line":135,"column":55},"end":{"line":135,"column":78}}],"line":135}},"s":{"0":4,"1":4,"2":4,"3":4,"4":9,"5":9,"6":9,"7":9,"8":1,"9":8,"10":8,"11":8,"12":8,"13":0,"14":4,"15":6,"16":6,"17":6,"18":6,"19":0,"20":6,"21":6,"22":0,"23":6,"24":6,"25":0,"26":0,"27":4,"28":0,"29":0,"30":0,"31":0,"32":0,"33":0,"34":4,"35":0,"36":0,"37":0,"38":0,"39":0,"40":0,"41":0,"42":4},"f":{"0":9,"1":6,"2":0,"3":0},"b":{"0":[1,8],"1":[0,6],"2":[0,6],"3":[0,0],"4":[0,0],"5":[0,0],"6":[0,0]},"_coverageSchema":"1a1c01bbd47fc00a2c39e90264f33305004495a9","hash":"95c59bf9ff8c653b46d8ea84e77774050043a9f2"}
,"D:\\collabspace\\server\\controllers\\joinRequestController.js": {"path":"D:\\collabspace\\server\\controllers\\joinRequestController.js","statementMap":{"0":{"start":{"line":1,"column":16},"end":{"line":1,"column":48}},"1":{"start":{"line":2,"column":16},"end":{"line":2,"column":44}},"2":{"start":{"line":3,"column":21},"end":{"line":3,"column":54}},"3":{"start":{"line":5,"column":20},"end":{"line":60,"column":1}},"4":{"start":{"line":6,"column":4},"end":{"line":59,"column":5}},"5":{"start":{"line":7,"column":28},"end":{"line":7,"column":39}},"6":{"start":{"line":8,"column":28},"end":{"line":8,"column":36}},"7":{"start":{"line":10,"column":24},"end":{"line":10,"column":57}},"8":{"start":{"line":11,"column":8},"end":{"line":17,"column":9}},"9":{"start":{"line":12,"column":12},"end":{"line":16,"column":14}},"10":{"start":{"line":18,"column":27},"end":{"line":18,"column":41}},"11":{"start":{"line":19,"column":26},"end":{"line":19,"column":107}},"12":{"start":{"line":20,"column":8},"end":{"line":24,"column":9}},"13":{"start":{"line":21,"column":12},"end":{"line":23,"column":14}},"14":{"start":{"line":26,"column":31},"end":{"line":31,"column":14}},"15":{"start":{"line":32,"column":29},"end":{"line":32,"column":52}},"16":{"start":{"line":33,"column":32},"end":{"line":36,"column":10}},"17":{"start":{"line":37,"column":34},"end":{"line":37,"column":62}},"18":{"start":{"line":39,"column":8},"end":{"line":39,"column":93}},"19":{"start":{"line":42,"column":8},"end":{"line":52,"column":10}},"20":{"start":{"line":56,"column":8},"end":{"line":58,"column":10}},"21":{"start":{"line":62,"column":23},"end":{"line":111,"column":1}},"22":{"start":{"line":63,"column":4},"end":{"line":110,"column":5}},"23":{"start":{"line":64,"column":24},"end":{"line":64,"column":61}},"24":{"start":{"line":65,"column":8},"end":{"line":70,"column":9}},"25":{"start":{"line":66,"column":12},"end":{"line":69,"column":14}},"26":{"start":{"line":72,"column":8},"end":{"line":74,"column":9}},"27":{"start":{"line":73,"column":12},"end":{"line":73,"column":78}},"28":{"start":{"line":75,"column":10},"end":{"line":80,"column":11}},"29":{"start":{"line":76,"column":16},"end":{"line":79,"column":14}},"30":{"start":{"line":81,"column":33},"end":{"line":83,"column":40}},"31":{"start":{"line":86,"column":24},"end":{"line":88,"column":10}},"32":{"start":{"line":89,"column":32},"end":{"line":92,"column":10}},"33":{"start":{"line":93,"column":34},"end":{"line":93,"column":62}},"34":{"start":{"line":95,"column":8},"end":{"line":95,"column":100}},"35":{"start":{"line":98,"column":8},"end":{"line":102,"column":14}},"36":{"start":{"line":107,"column":8},"end":{"line":109,"column":10}},"37":{"start":{"line":113,"column":22},"end":{"line":153,"column":1}},"38":{"start":{"line":114,"column":4},"end":{"line":152,"column":5}},"39":{"start":{"line":115,"column":24},"end":{"line":115,"column":61}},"40":{"start":{"line":117,"column":8},"end":{"line":122,"column":9}},"41":{"start":{"line":118,"column":12},"end":{"line":121,"column":14}},"42":{"start":{"line":123,"column":8},"end":{"line":125,"column":9}},"43":{"start":{"line":124,"column":12},"end":{"line":124,"column":78}},"44":{"start":{"line":126,"column":8},"end":{"line":128,"column":9}},"45":{"start":{"line":127,"column":12},"end":{"line":127,"column":84}},"46":{"start":{"line":130,"column":31},"end":{"line":132,"column":40}},"47":{"start":{"line":134,"column":32},"end":{"line":137,"column":10}},"48":{"start":{"line":138,"column":34},"end":{"line":138,"column":62}},"49":{"start":{"line":140,"column":8},"end":{"line":140,"column":100}},"50":{"start":{"line":142,"column":8},"end":{"line":146,"column":10}},"51":{"start":{"line":149,"column":8},"end":{"line":151,"column":10}},"52":{"start":{"line":155,"column":22},"end":{"line":172,"column":1}},"53":{"start":{"line":156,"column":4},"end":{"line":171,"column":5}},"54":{"start":{"line":157,"column":27},"end":{"line":157,"column":116}},"55":{"start":{"line":158,"column":12},"end":{"line":163,"column":10}},"56":{"start":{"line":167,"column":8},"end":{"line":169,"column":10}},"57":{"start":{"line":173,"column":0},"end":{"line":173,"column":76}}},"fnMap":{"0":{"name":"(anonymous_0)","decl":{"start":{"line":5,"column":20},"end":{"line":5,"column":21}},"loc":{"start":{"line":5,"column":36},"end":{"line":60,"column":1}},"line":5},"1":{"name":"(anonymous_1)","decl":{"start":{"line":62,"column":23},"end":{"line":62,"column":24}},"loc":{"start":{"line":62,"column":39},"end":{"line":111,"column":1}},"line":62},"2":{"name":"(anonymous_2)","decl":{"start":{"line":113,"column":22},"end":{"line":113,"column":23}},"loc":{"start":{"line":113,"column":38},"end":{"line":153,"column":1}},"line":113},"3":{"name":"(anonymous_3)","decl":{"start":{"line":155,"column":22},"end":{"line":155,"column":23}},"loc":{"start":{"line":155,"column":38},"end":{"line":172,"column":1}},"line":155}},"branchMap":{"0":{"loc":{"start":{"line":11,"column":8},"end":{"line":17,"column":9}},"type":"if","locations":[{"start":{"line":11,"column":8},"end":{"line":17,"column":9}},{"start":{},"end":{}}],"line":11},"1":{"loc":{"start":{"line":20,"column":8},"end":{"line":24,"column":9}},"type":"if","locations":[{"start":{"line":20,"column":8},"end":{"line":24,"column":9}},{"start":{},"end":{}}],"line":20},"2":{"loc":{"start":{"line":57,"column":20},"end":{"line":57,"column":56}},"type":"binary-expr","locations":[{"start":{"line":57,"column":20},"end":{"line":57,"column":31}},{"start":{"line":57,"column":33},"end":{"line":57,"column":56}}],"line":57},"3":{"loc":{"start":{"line":65,"column":8},"end":{"line":70,"column":9}},"type":"if","locations":[{"start":{"line":65,"column":8},"end":{"line":70,"column":9}},{"start":{},"end":{}}],"line":65},"4":{"loc":{"start":{"line":72,"column":8},"end":{"line":74,"column":9}},"type":"if","locations":[{"start":{"line":72,"column":8},"end":{"line":74,"column":9}},{"start":{},"end":{}}],"line":72},"5":{"loc":{"start":{"line":75,"column":10},"end":{"line":80,"column":11}},"type":"if","locations":[{"start":{"line":75,"column":10},"end":{"line":80,"column":11}},{"start":{},"end":{}}],"line":75},"6":{"loc":{"start":{"line":108,"column":20},"end":{"line":108,"column":56}},"type":"binary-expr","locations":[{"start":{"line":108,"column":20},"end":{"line":108,"column":31}},{"start":{"line":108,"column":33},"end":{"line":108,"column":56}}],"line":108},"7":{"loc":{"start":{"line":117,"column":8},"end":{"line":122,"column":9}},"type":"if","locations":[{"start":{"line":117,"column":8},"end":{"line":122,"column":9}},{"start":{},"end":{}}],"line":117},"8":{"loc":{"start":{"line":123,"column":8},"end":{"line":125,"column":9}},"type":"if","locations":[{"start":{"line":123,"column":8},"end":{"line":125,"column":9}},{"start":{},"end":{}}],"line":123},"9":{"loc":{"start":{"line":126,"column":8},"end":{"line":128,"column":9}},"type":"if","locations":[{"start":{"line":126,"column":8},"end":{"line":128,"column":9}},{"start":{},"end":{}}],"line":126},"10":{"loc":{"start":{"line":150,"column":20},"end":{"line":150,"column":58}},"type":"binary-expr","locations":[{"start":{"line":150,"column":20},"end":{"line":150,"column":31}},{"start":{"line":150,"column":35},"end":{"line":150,"column":58}}],"line":150},"11":{"loc":{"start":{"line":168,"column":20},"end":{"line":168,"column":58}},"type":"binary-expr","locations":[{"start":{"line":168,"column":20},"end":{"line":168,"column":31}},{"start":{"line":168,"column":35},"end":{"line":168,"column":58}}],"line":168}},"s":{"0":4,"1":4,"2":4,"3":4,"4":2,"5":2,"6":2,"7":2,"8":2,"9":0,"10":2,"11":2,"12":2,"13":0,"14":2,"15":2,"16":2,"17":2,"18":2,"19":2,"20":0,"21":4,"22":0,"23":0,"24":0,"25":0,"26":0,"27":0,"28":0,"29":0,"30":0,"31":0,"32":0,"33":0,"34":0,"35":0,"36":0,"37":4,"38":2,"39":2,"40":2,"41":0,"42":2,"43":0,"44":2,"45":1,"46":1,"47":1,"48":1,"49":1,"50":1,"51":0,"52":4,"53":0,"54":0,"55":0,"56":0,"57":4},"f":{"0":2,"1":0,"2":2,"3":0},"b":{"0":[0,2],"1":[0,2],"2":[0,0],"3":[0,0],"4":[0,0],"5":[0,0],"6":[0,0],"7":[0,2],"8":[0,2],"9":[1,1],"10":[0,0],"11":[0,0]},"_coverageSchema":"1a1c01bbd47fc00a2c39e90264f33305004495a9","hash":"5e03c4b2dbf69a23f400dba8a989d89b920c6f68"}
,"D:\\collabspace\\server\\controllers\\messageController.js": {"path":"D:\\collabspace\\server\\controllers\\messageController.js","statementMap":{"0":{"start":{"line":1,"column":16},"end":{"line":1,"column":44}},"1":{"start":{"line":3,"column":31},"end":{"line":23,"column":5}},"2":{"start":{"line":4,"column":8},"end":{"line":22,"column":5}},"3":{"start":{"line":5,"column":36},"end":{"line":8,"column":51}},"4":{"start":{"line":9,"column":12},"end":{"line":14,"column":10}},"5":{"start":{"line":18,"column":8},"end":{"line":20,"column":10}},"6":{"start":{"line":25,"column":0},"end":{"line":25,"column":37}}},"fnMap":{"0":{"name":"(anonymous_0)","decl":{"start":{"line":3,"column":31},"end":{"line":3,"column":32}},"loc":{"start":{"line":3,"column":48},"end":{"line":23,"column":5}},"line":3}},"branchMap":{"0":{"loc":{"start":{"line":19,"column":20},"end":{"line":19,"column":57}},"type":"binary-expr","locations":[{"start":{"line":19,"column":20},"end":{"line":19,"column":31}},{"start":{"line":19,"column":34},"end":{"line":19,"column":57}}],"line":19}},"s":{"0":4,"1":4,"2":0,"3":0,"4":0,"5":0,"6":4},"f":{"0":0},"b":{"0":[0,0]},"_coverageSchema":"1a1c01bbd47fc00a2c39e90264f33305004495a9","hash":"760d150aa5b292fb43d413d48e14955413e86d57"}
,"D:\\collabspace\\server\\controllers\\notificationController.js": {"path":"D:\\collabspace\\server\\controllers\\notificationController.js","statementMap":{"0":{"start":{"line":1,"column":21},"end":{"line":1,"column":54}},"1":{"start":{"line":4,"column":25},"end":{"line":19,"column":1}},"2":{"start":{"line":5,"column":4},"end":{"line":18,"column":5}},"3":{"start":{"line":6,"column":30},"end":{"line":6,"column":94}},"4":{"start":{"line":7,"column":8},"end":{"line":11,"column":10}},"5":{"start":{"line":14,"column":8},"end":{"line":16,"column":10}},"6":{"start":{"line":21,"column":19},"end":{"line":42,"column":1}},"7":{"start":{"line":22,"column":4},"end":{"line":41,"column":5}},"8":{"start":{"line":23,"column":29},"end":{"line":25,"column":40}},"9":{"start":{"line":26,"column":8},"end":{"line":30,"column":9}},"10":{"start":{"line":27,"column":12},"end":{"line":29,"column":14}},"11":{"start":{"line":31,"column":8},"end":{"line":34,"column":10}},"12":{"start":{"line":38,"column":8},"end":{"line":40,"column":10}},"13":{"start":{"line":44,"column":0},"end":{"line":44,"column":48}}},"fnMap":{"0":{"name":"(anonymous_0)","decl":{"start":{"line":4,"column":25},"end":{"line":4,"column":26}},"loc":{"start":{"line":4,"column":41},"end":{"line":19,"column":1}},"line":4},"1":{"name":"(anonymous_1)","decl":{"start":{"line":21,"column":19},"end":{"line":21,"column":20}},"loc":{"start":{"line":21,"column":35},"end":{"line":42,"column":1}},"line":21}},"branchMap":{"0":{"loc":{"start":{"line":15,"column":20},"end":{"line":15,"column":58}},"type":"binary-expr","locations":[{"start":{"line":15,"column":20},"end":{"line":15,"column":31}},{"start":{"line":15,"column":35},"end":{"line":15,"column":58}}],"line":15},"1":{"loc":{"start":{"line":26,"column":8},"end":{"line":30,"column":9}},"type":"if","locations":[{"start":{"line":26,"column":8},"end":{"line":30,"column":9}},{"start":{},"end":{}}],"line":26},"2":{"loc":{"start":{"line":39,"column":20},"end":{"line":39,"column":58}},"type":"binary-expr","locations":[{"start":{"line":39,"column":20},"end":{"line":39,"column":31}},{"start":{"line":39,"column":35},"end":{"line":39,"column":58}}],"line":39}},"s":{"0":4,"1":4,"2":0,"3":0,"4":0,"5":0,"6":4,"7":0,"8":0,"9":0,"10":0,"11":0,"12":0,"13":4},"f":{"0":0,"1":0},"b":{"0":[0,0],"1":[0,0],"2":[0,0]},"_coverageSchema":"1a1c01bbd47fc00a2c39e90264f33305004495a9","hash":"c6a0ab0d7bb23a0ecfb3411c41d8dfd51c36db73"}
,"D:\\collabspace\\server\\controllers\\projectController.js": {"path":"D:\\collabspace\\server\\controllers\\projectController.js","statementMap":{"0":{"start":{"line":1,"column":16},"end":{"line":1,"column":44}},"1":{"start":{"line":2,"column":16},"end":{"line":2,"column":48}},"2":{"start":{"line":4,"column":21},"end":{"line":4,"column":54}},"3":{"start":{"line":6,"column":22},"end":{"line":49,"column":1}},"4":{"start":{"line":7,"column":4},"end":{"line":48,"column":5}},"5":{"start":{"line":8,"column":97},"end":{"line":8,"column":105}},"6":{"start":{"line":16,"column":24},"end":{"line":26,"column":10}},"7":{"start":{"line":27,"column":29},"end":{"line":27,"column":49}},"8":{"start":{"line":28,"column":8},"end":{"line":42,"column":10}},"9":{"start":{"line":45,"column":8},"end":{"line":47,"column":10}},"10":{"start":{"line":51,"column":23},"end":{"line":66,"column":1}},"11":{"start":{"line":52,"column":4},"end":{"line":65,"column":5}},"12":{"start":{"line":53,"column":28},"end":{"line":53,"column":85}},"13":{"start":{"line":54,"column":8},"end":{"line":60,"column":10}},"14":{"start":{"line":62,"column":8},"end":{"line":64,"column":10}},"15":{"start":{"line":68,"column":23},"end":{"line":95,"column":1}},"16":{"start":{"line":69,"column":4},"end":{"line":93,"column":5}},"17":{"start":{"line":70,"column":28},"end":{"line":70,"column":140}},"18":{"start":{"line":71,"column":8},"end":{"line":85,"column":9}},"19":{"start":{"line":72,"column":12},"end":{"line":77,"column":14}},"20":{"start":{"line":80,"column":12},"end":{"line":84,"column":14}},"21":{"start":{"line":90,"column":8},"end":{"line":92,"column":10}},"22":{"start":{"line":97,"column":26},"end":{"line":114,"column":1}},"23":{"start":{"line":98,"column":3},"end":{"line":113,"column":4}},"24":{"start":{"line":99,"column":24},"end":{"line":99,"column":102}},"25":{"start":{"line":100,"column":4},"end":{"line":105,"column":5}},"26":{"start":{"line":101,"column":8},"end":{"line":104,"column":10}},"27":{"start":{"line":106,"column":4},"end":{"line":108,"column":6}},"28":{"start":{"line":110,"column":4},"end":{"line":112,"column":6}},"29":{"start":{"line":117,"column":22},"end":{"line":139,"column":1}},"30":{"start":{"line":118,"column":0},"end":{"line":138,"column":1}},"31":{"start":{"line":119,"column":23},"end":{"line":119,"column":99}},"32":{"start":{"line":120,"column":4},"end":{"line":124,"column":5}},"33":{"start":{"line":121,"column":8},"end":{"line":123,"column":10}},"34":{"start":{"line":126,"column":9},"end":{"line":131,"column":10}},"35":{"start":{"line":135,"column":4},"end":{"line":137,"column":6}},"36":{"start":{"line":141,"column":23},"end":{"line":187,"column":1}},"37":{"start":{"line":142,"column":79},"end":{"line":142,"column":87}},"38":{"start":{"line":143,"column":3},"end":{"line":186,"column":5}},"39":{"start":{"line":144,"column":20},"end":{"line":144,"column":57}},"40":{"start":{"line":145,"column":4},"end":{"line":147,"column":5}},"41":{"start":{"line":146,"column":8},"end":{"line":146,"column":66}},"42":{"start":{"line":148,"column":4},"end":{"line":179,"column":9}},"43":{"start":{"line":149,"column":30},"end":{"line":160,"column":9}},"44":{"start":{"line":161,"column":8},"end":{"line":174,"column":16}},"45":{"start":{"line":162,"column":20},"end":{"line":166,"column":22}},"46":{"start":{"line":169,"column":20},"end":{"line":173,"column":22}},"47":{"start":{"line":176,"column":12},"end":{"line":178,"column":14}},"48":{"start":{"line":183,"column":8},"end":{"line":185,"column":10}},"49":{"start":{"line":188,"column":21},"end":{"line":228,"column":1}},"50":{"start":{"line":189,"column":4},"end":{"line":227,"column":5}},"51":{"start":{"line":190,"column":38},"end":{"line":190,"column":48}},"52":{"start":{"line":192,"column":24},"end":{"line":192,"column":57}},"53":{"start":{"line":193,"column":8},"end":{"line":195,"column":9}},"54":{"start":{"line":194,"column":12},"end":{"line":194,"column":70}},"55":{"start":{"line":196,"column":8},"end":{"line":198,"column":9}},"56":{"start":{"line":197,"column":12},"end":{"line":197,"column":94}},"57":{"start":{"line":199,"column":29},"end":{"line":199,"column":82}},"58":{"start":{"line":199,"column":58},"end":{"line":199,"column":81}},"59":{"start":{"line":200,"column":8},"end":{"line":202,"column":9}},"60":{"start":{"line":201,"column":12},"end":{"line":201,"column":86}},"61":{"start":{"line":204,"column":8},"end":{"line":206,"column":9}},"62":{"start":{"line":205,"column":21},"end":{"line":205,"column":45}},"63":{"start":{"line":207,"column":8},"end":{"line":207,"column":28}},"64":{"start":{"line":210,"column":8},"end":{"line":213,"column":10}},"65":{"start":{"line":215,"column":31},"end":{"line":215,"column":138}},"66":{"start":{"line":217,"column":8},"end":{"line":221,"column":10}},"67":{"start":{"line":224,"column":8},"end":{"line":226,"column":10}},"68":{"start":{"line":230,"column":23},"end":{"line":257,"column":1}},"69":{"start":{"line":231,"column":4},"end":{"line":256,"column":5}},"70":{"start":{"line":232,"column":24},"end":{"line":232,"column":61}},"71":{"start":{"line":233,"column":8},"end":{"line":235,"column":9}},"72":{"start":{"line":234,"column":12},"end":{"line":234,"column":80}},"73":{"start":{"line":236,"column":8},"end":{"line":238,"column":9}},"74":{"start":{"line":237,"column":12},"end":{"line":237,"column":89}},"75":{"start":{"line":239,"column":30},"end":{"line":239,"column":76}},"76":{"start":{"line":240,"column":4},"end":{"line":249,"column":5}},"77":{"start":{"line":241,"column":8},"end":{"line":241,"column":57}},"78":{"start":{"line":242,"column":8},"end":{"line":246,"column":10}},"79":{"start":{"line":248,"column":8},"end":{"line":248,"column":76}},"80":{"start":{"line":253,"column":8},"end":{"line":255,"column":10}},"81":{"start":{"line":260,"column":0},"end":{"line":260,"column":141}}},"fnMap":{"0":{"name":"(anonymous_0)","decl":{"start":{"line":6,"column":22},"end":{"line":6,"column":23}},"loc":{"start":{"line":6,"column":38},"end":{"line":49,"column":1}},"line":6},"1":{"name":"(anonymous_1)","decl":{"start":{"line":51,"column":23},"end":{"line":51,"column":24}},"loc":{"start":{"line":51,"column":39},"end":{"line":66,"column":1}},"line":51},"2":{"name":"(anonymous_2)","decl":{"start":{"line":68,"column":23},"end":{"line":68,"column":24}},"loc":{"start":{"line":68,"column":39},"end":{"line":95,"column":1}},"line":68},"3":{"name":"(anonymous_3)","decl":{"start":{"line":97,"column":26},"end":{"line":97,"column":27}},"loc":{"start":{"line":97,"column":42},"end":{"line":114,"column":1}},"line":97},"4":{"name":"(anonymous_4)","decl":{"start":{"line":117,"column":22},"end":{"line":117,"column":23}},"loc":{"start":{"line":117,"column":38},"end":{"line":139,"column":1}},"line":117},"5":{"name":"(anonymous_5)","decl":{"start":{"line":141,"column":23},"end":{"line":141,"column":24}},"loc":{"start":{"line":141,"column":39},"end":{"line":187,"column":1}},"line":141},"6":{"name":"(anonymous_6)","decl":{"start":{"line":188,"column":21},"end":{"line":188,"column":22}},"loc":{"start":{"line":188,"column":41},"end":{"line":228,"column":1}},"line":188},"7":{"name":"(anonymous_7)","decl":{"start":{"line":199,"column":50},"end":{"line":199,"column":51}},"loc":{"start":{"line":199,"column":58},"end":{"line":199,"column":81}},"line":199},"8":{"name":"(anonymous_8)","decl":{"start":{"line":205,"column":12},"end":{"line":205,"column":13}},"loc":{"start":{"line":205,"column":21},"end":{"line":205,"column":45}},"line":205},"9":{"name":"(anonymous_9)","decl":{"start":{"line":230,"column":23},"end":{"line":230,"column":24}},"loc":{"start":{"line":230,"column":39},"end":{"line":257,"column":1}},"line":230}},"branchMap":{"0":{"loc":{"start":{"line":71,"column":8},"end":{"line":85,"column":9}},"type":"if","locations":[{"start":{"line":71,"column":8},"end":{"line":85,"column":9}},{"start":{"line":79,"column":12},"end":{"line":85,"column":9}}],"line":71},"1":{"loc":{"start":{"line":91,"column":20},"end":{"line":91,"column":56}},"type":"binary-expr","locations":[{"start":{"line":91,"column":20},"end":{"line":91,"column":31}},{"start":{"line":91,"column":33},"end":{"line":91,"column":56}}],"line":91},"2":{"loc":{"start":{"line":100,"column":4},"end":{"line":105,"column":5}},"type":"if","locations":[{"start":{"line":100,"column":4},"end":{"line":105,"column":5}},{"start":{},"end":{}}],"line":100},"3":{"loc":{"start":{"line":111,"column":16},"end":{"line":111,"column":53}},"type":"binary-expr","locations":[{"start":{"line":111,"column":16},"end":{"line":111,"column":27}},{"start":{"line":111,"column":29},"end":{"line":111,"column":53}}],"line":111},"4":{"loc":{"start":{"line":120,"column":4},"end":{"line":124,"column":5}},"type":"if","locations":[{"start":{"line":120,"column":4},"end":{"line":124,"column":5}},{"start":{},"end":{}}],"line":120},"5":{"loc":{"start":{"line":136,"column":16},"end":{"line":136,"column":54}},"type":"binary-expr","locations":[{"start":{"line":136,"column":16},"end":{"line":136,"column":27}},{"start":{"line":136,"column":31},"end":{"line":136,"column":54}}],"line":136},"6":{"loc":{"start":{"line":145,"column":4},"end":{"line":147,"column":5}},"type":"if","locations":[{"start":{"line":145,"column":4},"end":{"line":147,"column":5}},{"start":{},"end":{}}],"line":145},"7":{"loc":{"start":{"line":148,"column":4},"end":{"line":179,"column":9}},"type":"if","locations":[{"start":{"line":148,"column":4},"end":{"line":179,"column":9}},{"start":{"line":175,"column":9},"end":{"line":179,"column":9}}],"line":148},"8":{"loc":{"start":{"line":161,"column":8},"end":{"line":174,"column":16}},"type":"if","locations":[{"start":{"line":161,"column":8},"end":{"line":174,"column":16}},{"start":{"line":168,"column":20},"end":{"line":174,"column":16}}],"line":161},"9":{"loc":{"start":{"line":184,"column":20},"end":{"line":184,"column":56}},"type":"binary-expr","locations":[{"start":{"line":184,"column":20},"end":{"line":184,"column":31}},{"start":{"line":184,"column":33},"end":{"line":184,"column":56}}],"line":184},"10":{"loc":{"start":{"line":193,"column":8},"end":{"line":195,"column":9}},"type":"if","locations":[{"start":{"line":193,"column":8},"end":{"line":195,"column":9}},{"start":{},"end":{}}],"line":193},"11":{"loc":{"start":{"line":196,"column":8},"end":{"line":198,"column":9}},"type":"if","locations":[{"start":{"line":196,"column":8},"end":{"line":198,"column":9}},{"start":{},"end":{}}],"line":196},"12":{"loc":{"start":{"line":200,"column":8},"end":{"line":202,"column":9}},"type":"if","locations":[{"start":{"line":200,"column":8},"end":{"line":202,"column":9}},{"start":{},"end":{}}],"line":200},"13":{"loc":{"start":{"line":225,"column":21},"end":{"line":225,"column":59}},"type":"binary-expr","locations":[{"start":{"line":225,"column":21},"end":{"line":225,"column":32}},{"start":{"line":225,"column":36},"end":{"line":225,"column":59}}],"line":225},"14":{"loc":{"start":{"line":233,"column":8},"end":{"line":235,"column":9}},"type":"if","locations":[{"start":{"line":233,"column":8},"end":{"line":235,"column":9}},{"start":{},"end":{}}],"line":233},"15":{"loc":{"start":{"line":236,"column":8},"end":{"line":238,"column":9}},"type":"if","locations":[{"start":{"line":236,"column":8},"end":{"line":238,"column":9}},{"start":{},"end":{}}],"line":236},"16":{"loc":{"start":{"line":240,"column":4},"end":{"line":249,"column":5}},"type":"if","locations":[{"start":{"line":240,"column":4},"end":{"line":249,"column":5}},{"start":{"line":247,"column":9},"end":{"line":249,"column":5}}],"line":240},"17":{"loc":{"start":{"line":254,"column":20},"end":{"line":254,"column":58}},"type":"binary-expr","locations":[{"start":{"line":254,"column":20},"end":{"line":254,"column":31}},{"start":{"line":254,"column":35},"end":{"line":254,"column":58}}],"line":254}},"s":{"0":4,"1":4,"2":4,"3":4,"4":2,"5":2,"6":2,"7":2,"8":2,"9":0,"10":4,"11":0,"12":0,"13":0,"14":0,"15":4,"16":0,"17":0,"18":0,"19":0,"20":0,"21":0,"22":4,"23":0,"24":0,"25":0,"26":0,"27":0,"28":0,"29":4,"30":0,"31":0,"32":0,"33":0,"34":0,"35":0,"36":4,"37":0,"38":0,"39":0,"40":0,"41":0,"42":0,"43":0,"44":0,"45":0,"46":0,"47":0,"48":0,"49":4,"50":0,"51":0,"52":0,"53":0,"54":0,"55":0,"56":0,"57":0,"58":0,"59":0,"60":0,"61":0,"62":0,"63":0,"64":0,"65":0,"66":0,"67":0,"68":4,"69":0,"70":0,"71":0,"72":0,"73":0,"74":0,"75":0,"76":0,"77":0,"78":0,"79":0,"80":0,"81":4},"f":{"0":2,"1":0,"2":0,"3":0,"4":0,"5":0,"6":0,"7":0,"8":0,"9":0},"b":{"0":[0,0],"1":[0,0],"2":[0,0],"3":[0,0],"4":[0,0],"5":[0,0],"6":[0,0],"7":[0,0],"8":[0,0],"9":[0,0],"10":[0,0],"11":[0,0],"12":[0,0],"13":[0,0],"14":[0,0],"15":[0,0],"16":[0,0],"17":[0,0]},"_coverageSchema":"1a1c01bbd47fc00a2c39e90264f33305004495a9","hash":"7e11c62d10eaaabcb012db3b7c2b2feca9590ef1"}
,"D:\\collabspace\\server\\middleware\\auth.js": {"path":"D:\\collabspace\\server\\middleware\\auth.js","statementMap":{"0":{"start":{"line":1,"column":12},"end":{"line":1,"column":35}},"1":{"start":{"line":3,"column":13},"end":{"line":22,"column":1}},"2":{"start":{"line":4,"column":4},"end":{"line":21,"column":5}},"3":{"start":{"line":5,"column":22},"end":{"line":5,"column":62}},"4":{"start":{"line":6,"column":8},"end":{"line":11,"column":9}},"5":{"start":{"line":7,"column":12},"end":{"line":10,"column":14}},"6":{"start":{"line":13,"column":23},"end":{"line":13,"column":64}},"7":{"start":{"line":14,"column":8},"end":{"line":14,"column":24}},"8":{"start":{"line":15,"column":8},"end":{"line":15,"column":14}},"9":{"start":{"line":18,"column":8},"end":{"line":20,"column":10}},"10":{"start":{"line":24,"column":0},"end":{"line":24,"column":21}}},"fnMap":{"0":{"name":"(anonymous_0)","decl":{"start":{"line":3,"column":13},"end":{"line":3,"column":14}},"loc":{"start":{"line":3,"column":34},"end":{"line":22,"column":1}},"line":3}},"branchMap":{"0":{"loc":{"start":{"line":6,"column":8},"end":{"line":11,"column":9}},"type":"if","locations":[{"start":{"line":6,"column":8},"end":{"line":11,"column":9}},{"start":{},"end":{}}],"line":6}},"s":{"0":4,"1":4,"2":7,"3":7,"4":7,"5":1,"6":6,"7":6,"8":6,"9":0,"10":4},"f":{"0":7},"b":{"0":[1,6]},"_coverageSchema":"1a1c01bbd47fc00a2c39e90264f33305004495a9","hash":"ee00a7f999cd1a303f609cfb1ddb638f52f4c9c2"}
,"D:\\collabspace\\server\\models\\Message.js": {"path":"D:\\collabspace\\server\\models\\Message.js","statementMap":{"0":{"start":{"line":1,"column":17},"end":{"line":1,"column":36}},"1":{"start":{"line":3,"column":22},"end":{"line":7,"column":20}},"2":{"start":{"line":9,"column":16},"end":{"line":9,"column":56}},"3":{"start":{"line":10,"column":0},"end":{"line":10,"column":25}}},"fnMap":{},"branchMap":{},"s":{"0":4,"1":4,"2":4,"3":4},"f":{},"b":{},"_coverageSchema":"1a1c01bbd47fc00a2c39e90264f33305004495a9","hash":"fc026139f160759048324ff7d1c7e1b2be687c40"}
,"D:\\collabspace\\server\\models\\Project.js": {"path":"D:\\collabspace\\server\\models\\Project.js","statementMap":{"0":{"start":{"line":1,"column":17},"end":{"line":1,"column":36}},"1":{"start":{"line":3,"column":22},"end":{"line":12,"column":21}},"2":{"start":{"line":14,"column":16},"end":{"line":14,"column":56}},"3":{"start":{"line":16,"column":0},"end":{"line":16,"column":23}}},"fnMap":{},"branchMap":{},"s":{"0":4,"1":4,"2":4,"3":4},"f":{},"b":{},"_coverageSchema":"1a1c01bbd47fc00a2c39e90264f33305004495a9","hash":"c5875c145a51b69f9e311be23f28af2c705aac72"}
,"D:\\collabspace\\server\\models\\User.js": {"path":"D:\\collabspace\\server\\models\\User.js","statementMap":{"0":{"start":{"line":1,"column":17},"end":{"line":1,"column":36}},"1":{"start":{"line":3,"column":19},"end":{"line":11,"column":21}},"2":{"start":{"line":13,"column":13},"end":{"line":13,"column":47}},"3":{"start":{"line":15,"column":0},"end":{"line":15,"column":22}}},"fnMap":{},"branchMap":{},"s":{"0":4,"1":4,"2":4,"3":4},"f":{},"b":{},"_coverageSchema":"1a1c01bbd47fc00a2c39e90264f33305004495a9","hash":"5c20d99c97e3a5915974dc14949e8205316b1daf"}
,"D:\\collabspace\\server\\models\\joinRequest.js": {"path":"D:\\collabspace\\server\\models\\joinRequest.js","statementMap":{"0":{"start":{"line":1,"column":17},"end":{"line":1,"column":36}},"1":{"start":{"line":3,"column":22},"end":{"line":8,"column":20}},"2":{"start":{"line":10,"column":16},"end":{"line":10,"column":55}},"3":{"start":{"line":12,"column":0},"end":{"line":12,"column":25}}},"fnMap":{},"branchMap":{},"s":{"0":4,"1":4,"2":4,"3":4},"f":{},"b":{},"_coverageSchema":"1a1c01bbd47fc00a2c39e90264f33305004495a9","hash":"d54f13f63ebc9e6610207eab870c44c6f472f1f0"}
,"D:\\collabspace\\server\\models\\notification.js": {"path":"D:\\collabspace\\server\\models\\notification.js","statementMap":{"0":{"start":{"line":1,"column":17},"end":{"line":1,"column":36}},"1":{"start":{"line":3,"column":27},"end":{"line":7,"column":20}},"2":{"start":{"line":9,"column":21},"end":{"line":9,"column":70}},"3":{"start":{"line":10,"column":0},"end":{"line":10,"column":29}}},"fnMap":{},"branchMap":{},"s":{"0":4,"1":4,"2":4,"3":4},"f":{},"b":{},"_coverageSchema":"1a1c01bbd47fc00a2c39e90264f33305004495a9","hash":"7b3ea20a4bd5afa5c8f4dd36ab94c9a970e5467f"}
,"D:\\collabspace\\server\\routes\\aiRoutes.js": {"path":"D:\\collabspace\\server\\routes\\aiRoutes.js","statementMap":{"0":{"start":{"line":1,"column":16},"end":{"line":1,"column":34}},"1":{"start":{"line":2,"column":15},"end":{"line":2,"column":31}},"2":{"start":{"line":3,"column":21},"end":{"line":3,"column":59}},"3":{"start":{"line":4,"column":13},"end":{"line":4,"column":42}},"4":{"start":{"line":6,"column":0},"end":{"line":6,"column":39}},"5":{"start":{"line":7,"column":0},"end":{"line":7,"column":71}},"6":{"start":{"line":8,"column":0},"end":{"line":8,"column":23}}},"fnMap":{},"branchMap":{},"s":{"0":4,"1":4,"2":4,"3":4,"4":4,"5":4,"6":4},"f":{},"b":{},"_coverageSchema":"1a1c01bbd47fc00a2c39e90264f33305004495a9","hash":"235d9e1a825b2dc9a1b55a5302e27bbfeaa3ccde"}
,"D:\\collabspace\\server\\routes\\authRoutes.js": {"path":"D:\\collabspace\\server\\routes\\authRoutes.js","statementMap":{"0":{"start":{"line":1,"column":16},"end":{"line":1,"column":34}},"1":{"start":{"line":2,"column":15},"end":{"line":2,"column":31}},"2":{"start":{"line":3,"column":23},"end":{"line":3,"column":63}},"3":{"start":{"line":4,"column":13},"end":{"line":4,"column":42}},"4":{"start":{"line":6,"column":0},"end":{"line":6,"column":48}},"5":{"start":{"line":8,"column":0},"end":{"line":8,"column":42}},"6":{"start":{"line":10,"column":0},"end":{"line":10,"column":52}},"7":{"start":{"line":12,"column":0},"end":{"line":12,"column":65}},"8":{"start":{"line":20,"column":0},"end":{"line":20,"column":24}}},"fnMap":{},"branchMap":{},"s":{"0":4,"1":4,"2":4,"3":4,"4":4,"5":4,"6":4,"7":4,"8":4},"f":{},"b":{},"_coverageSchema":"1a1c01bbd47fc00a2c39e90264f33305004495a9","hash":"dcea951a01425a6e633238ac12af46391517bb6e"}
,"D:\\collabspace\\server\\routes\\joinRequestRoutes.js": {"path":"D:\\collabspace\\server\\routes\\joinRequestRoutes.js","statementMap":{"0":{"start":{"line":1,"column":16},"end":{"line":1,"column":34}},"1":{"start":{"line":2,"column":15},"end":{"line":2,"column":31}},"2":{"start":{"line":4,"column":30},"end":{"line":4,"column":77}},"3":{"start":{"line":5,"column":13},"end":{"line":5,"column":42}},"4":{"start":{"line":7,"column":0},"end":{"line":7,"column":61}},"5":{"start":{"line":8,"column":0},"end":{"line":8,"column":70}},"6":{"start":{"line":9,"column":0},"end":{"line":9,"column":68}},"7":{"start":{"line":10,"column":0},"end":{"line":10,"column":71}},"8":{"start":{"line":12,"column":0},"end":{"line":12,"column":24}}},"fnMap":{},"branchMap":{},"s":{"0":4,"1":4,"2":4,"3":4,"4":4,"5":4,"6":4,"7":4,"8":4},"f":{},"b":{},"_coverageSchema":"1a1c01bbd47fc00a2c39e90264f33305004495a9","hash":"b400fd8c93911814e3e422512a1e9865ecf73196"}
,"D:\\collabspace\\server\\routes\\messageRoutes.js": {"path":"D:\\collabspace\\server\\routes\\messageRoutes.js","statementMap":{"0":{"start":{"line":1,"column":16},"end":{"line":1,"column":34}},"1":{"start":{"line":2,"column":15},"end":{"line":2,"column":31}},"2":{"start":{"line":3,"column":26},"end":{"line":3,"column":69}},"3":{"start":{"line":4,"column":13},"end":{"line":4,"column":42}},"4":{"start":{"line":6,"column":0},"end":{"line":6,"column":68}},"5":{"start":{"line":8,"column":0},"end":{"line":8,"column":24}}},"fnMap":{},"branchMap":{},"s":{"0":4,"1":4,"2":4,"3":4,"4":4,"5":4},"f":{},"b":{},"_coverageSchema":"1a1c01bbd47fc00a2c39e90264f33305004495a9","hash":"eb11b907beddaf12396fc6f7e48974f0be258663"}
,"D:\\collabspace\\server\\routes\\notificationRoutes.js": {"path":"D:\\collabspace\\server\\routes\\notificationRoutes.js","statementMap":{"0":{"start":{"line":1,"column":16},"end":{"line":1,"column":34}},"1":{"start":{"line":2,"column":15},"end":{"line":2,"column":31}},"2":{"start":{"line":3,"column":31},"end":{"line":3,"column":79}},"3":{"start":{"line":4,"column":13},"end":{"line":4,"column":42}},"4":{"start":{"line":5,"column":0},"end":{"line":5,"column":66}},"5":{"start":{"line":6,"column":0},"end":{"line":6,"column":65}},"6":{"start":{"line":8,"column":0},"end":{"line":8,"column":24}}},"fnMap":{},"branchMap":{},"s":{"0":4,"1":4,"2":4,"3":4,"4":4,"5":4,"6":4},"f":{},"b":{},"_coverageSchema":"1a1c01bbd47fc00a2c39e90264f33305004495a9","hash":"0970b5767b9f6077671a33ee41c3a02c21a116e2"}
,"D:\\collabspace\\server\\routes\\projectRoutes.js": {"path":"D:\\collabspace\\server\\routes\\projectRoutes.js","statementMap":{"0":{"start":{"line":1,"column":16},"end":{"line":1,"column":34}},"1":{"start":{"line":2,"column":15},"end":{"line":2,"column":31}},"2":{"start":{"line":3,"column":26},"end":{"line":3,"column":69}},"3":{"start":{"line":4,"column":13},"end":{"line":4,"column":42}},"4":{"start":{"line":6,"column":0},"end":{"line":6,"column":59}},"5":{"start":{"line":7,"column":0},"end":{"line":7,"column":61}},"6":{"start":{"line":8,"column":0},"end":{"line":8,"column":62}},"7":{"start":{"line":9,"column":0},"end":{"line":9,"column":61}},"8":{"start":{"line":10,"column":0},"end":{"line":10,"column":71}},"9":{"start":{"line":11,"column":0},"end":{"line":11,"column":64}},"10":{"start":{"line":12,"column":0},"end":{"line":12,"column":88}},"11":{"start":{"line":13,"column":0},"end":{"line":13,"column":67}},"12":{"start":{"line":15,"column":0},"end":{"line":15,"column":24}}},"fnMap":{},"branchMap":{},"s":{"0":4,"1":4,"2":4,"3":4,"4":4,"5":4,"6":4,"7":4,"8":4,"9":4,"10":4,"11":4,"12":4},"f":{},"b":{},"_coverageSchema":"1a1c01bbd47fc00a2c39e90264f33305004495a9","hash":"30e9e42a24dbde2a5f6bbe62f65a0388519efd3e"}
,"D:\\collabspace\\server\\services\\aiServices.js": {"path":"D:\\collabspace\\server\\services\\aiServices.js","statementMap":{"0":{"start":{"line":2,"column":17},"end":{"line":2,"column":43}},"1":{"start":{"line":27,"column":25},"end":{"line":32,"column":1}},"2":{"start":{"line":28,"column":19},"end":{"line":28,"column":59}},"3":{"start":{"line":30,"column":4},"end":{"line":30,"column":32}},"4":{"start":{"line":34,"column":34},"end":{"line":91,"column":5}},"5":{"start":{"line":36,"column":22},"end":{"line":37,"column":63}},"6":{"start":{"line":37,"column":17},"end":{"line":37,"column":52}},"7":{"start":{"line":39,"column":24},"end":{"line":44,"column":63}},"8":{"start":{"line":40,"column":18},"end":{"line":44,"column":51}},"9":{"start":{"line":47,"column":19},"end":{"line":76,"column":5}},"10":{"start":{"line":77,"column":21},"end":{"line":77,"column":41}},"11":{"start":{"line":79,"column":28},"end":{"line":82,"column":15}},"12":{"start":{"line":84,"column":0},"end":{"line":90,"column":1}},"13":{"start":{"line":85,"column":4},"end":{"line":85,"column":39}},"14":{"start":{"line":88,"column":4},"end":{"line":88,"column":55}},"15":{"start":{"line":89,"column":4},"end":{"line":89,"column":13}},"16":{"start":{"line":93,"column":0},"end":{"line":93,"column":62}}},"fnMap":{"0":{"name":"(anonymous_0)","decl":{"start":{"line":27,"column":25},"end":{"line":27,"column":26}},"loc":{"start":{"line":27,"column":34},"end":{"line":32,"column":1}},"line":27},"1":{"name":"(anonymous_1)","decl":{"start":{"line":34,"column":34},"end":{"line":34,"column":35}},"loc":{"start":{"line":34,"column":63},"end":{"line":91,"column":5}},"line":34},"2":{"name":"(anonymous_2)","decl":{"start":{"line":37,"column":8},"end":{"line":37,"column":9}},"loc":{"start":{"line":37,"column":17},"end":{"line":37,"column":52}},"line":37},"3":{"name":"(anonymous_3)","decl":{"start":{"line":40,"column":8},"end":{"line":40,"column":9}},"loc":{"start":{"line":40,"column":18},"end":{"line":44,"column":51}},"line":40}},"branchMap":{},"s":{"0":4,"1":4,"2":0,"3":0,"4":4,"5":0,"6":0,"7":0,"8":0,"9":0,"10":0,"11":0,"12":0,"13":0,"14":0,"15":0,"16":4},"f":{"0":0,"1":0,"2":0,"3":0},"b":{},"_coverageSchema":"1a1c01bbd47fc00a2c39e90264f33305004495a9","hash":"31fd9e329293f07bfe876ed5144fcfedd6cb2693"}
,"D:\\collabspace\\server\\services\\geminiService.js": {"path":"D:\\collabspace\\server\\services\\geminiService.js","statementMap":{"0":{"start":{"line":1,"column":49},"end":{"line":1,"column":81}},"1":{"start":{"line":3,"column":14},"end":{"line":3,"column":64}},"2":{"start":{"line":5,"column":16},"end":{"line":7,"column":2}},"3":{"start":{"line":9,"column":15},"end":{"line":20,"column":1}},"4":{"start":{"line":10,"column":4},"end":{"line":19,"column":5}},"5":{"start":{"line":12,"column":23},"end":{"line":12,"column":58}},"6":{"start":{"line":14,"column":8},"end":{"line":14,"column":37}},"7":{"start":{"line":17,"column":8},"end":{"line":17,"column":42}},"8":{"start":{"line":18,"column":8},"end":{"line":18,"column":18}},"9":{"start":{"line":21,"column":0},"end":{"line":21,"column":25}}},"fnMap":{"0":{"name":"(anonymous_0)","decl":{"start":{"line":9,"column":15},"end":{"line":9,"column":16}},"loc":{"start":{"line":9,"column":30},"end":{"line":20,"column":1}},"line":9}},"branchMap":{},"s":{"0":4,"1":4,"2":4,"3":4,"4":0,"5":0,"6":0,"7":0,"8":0,"9":4},"f":{"0":0},"b":{},"_coverageSchema":"1a1c01bbd47fc00a2c39e90264f33305004495a9","hash":"d8eb59d64e9b2583998e0178ede16c494a7d801d"}
,"D:\\collabspace\\server\\test\\helpers.js": {"path":"D:\\collabspace\\server\\test\\helpers.js","statementMap":{"0":{"start":{"line":1,"column":16},"end":{"line":1,"column":36}},"1":{"start":{"line":2,"column":12},"end":{"line":2,"column":31}},"2":{"start":{"line":8,"column":4},"end":{"line":8,"column":64}},"3":{"start":{"line":11,"column":16},"end":{"line":11,"column":114}},"4":{"start":{"line":12,"column":4},"end":{"line":12,"column":57}},"5":{"start":{"line":16,"column":0},"end":{"line":16,"column":35}}},"fnMap":{"0":{"name":"registerAndLogin","decl":{"start":{"line":4,"column":15},"end":{"line":4,"column":31}},"loc":{"start":{"line":4,"column":41},"end":{"line":14,"column":1}},"line":4}},"branchMap":{},"s":{"0":2,"1":2,"2":6,"3":6,"4":6,"5":2},"f":{"0":6},"b":{},"_coverageSchema":"1a1c01bbd47fc00a2c39e90264f33305004495a9","hash":"a288bd04100c03805b2db5ad33f3849c72286650"}
,"D:\\collabspace\\server\\test\\setup.js": {"path":"D:\\collabspace\\server\\test\\setup.js","statementMap":{"0":{"start":{"line":1,"column":17},"end":{"line":1,"column":36}},"1":{"start":{"line":2,"column":30},"end":{"line":2,"column":62}},"2":{"start":{"line":6,"column":0},"end":{"line":10,"column":2}},"3":{"start":{"line":7,"column":2},"end":{"line":7,"column":48}},"4":{"start":{"line":8,"column":14},"end":{"line":8,"column":34}},"5":{"start":{"line":9,"column":2},"end":{"line":9,"column":29}},"6":{"start":{"line":12,"column":0},"end":{"line":17,"column":2}},"7":{"start":{"line":13,"column":22},"end":{"line":13,"column":53}},"8":{"start":{"line":14,"column":2},"end":{"line":16,"column":3}},"9":{"start":{"line":15,"column":4},"end":{"line":15,"column":41}},"10":{"start":{"line":19,"column":0},"end":{"line":22,"column":2}},"11":{"start":{"line":20,"column":2},"end":{"line":20,"column":29}},"12":{"start":{"line":21,"column":2},"end":{"line":21,"column":26}}},"fnMap":{"0":{"name":"(anonymous_0)","decl":{"start":{"line":6,"column":10},"end":{"line":6,"column":11}},"loc":{"start":{"line":6,"column":22},"end":{"line":10,"column":1}},"line":6},"1":{"name":"(anonymous_1)","decl":{"start":{"line":12,"column":10},"end":{"line":12,"column":11}},"loc":{"start":{"line":12,"column":22},"end":{"line":17,"column":1}},"line":12},"2":{"name":"(anonymous_2)","decl":{"start":{"line":19,"column":9},"end":{"line":19,"column":10}},"loc":{"start":{"line":19,"column":21},"end":{"line":22,"column":1}},"line":19}},"branchMap":{},"s":{"0":5,"1":5,"2":5,"3":5,"4":5,"5":5,"6":5,"7":7,"8":7,"9":30,"10":5,"11":5,"12":5},"f":{"0":5,"1":7,"2":5},"b":{},"_coverageSchema":"1a1c01bbd47fc00a2c39e90264f33305004495a9","hash":"715c633a63cfe278fe1b8a53a2045d90ae358272"}
}
