TN:
SF:index.js
FN:34,(anonymous_0)
FN:47,(anonymous_1)
FNF:2
FNH:0
FNDA:0,(anonymous_0)
FNDA:0,(anonymous_1)
DA:1,4
DA:2,4
DA:3,4
DA:4,4
DA:5,4
DA:6,4
DA:7,4
DA:8,4
DA:9,4
DA:10,4
DA:11,4
DA:12,4
DA:13,4
DA:15,4
DA:19,4
DA:20,4
DA:25,4
DA:27,4
DA:28,4
DA:32,4
DA:34,4
DA:35,0
DA:38,4
DA:39,4
DA:40,4
DA:41,4
DA:42,4
DA:43,4
DA:45,4
DA:46,0
DA:47,0
DA:48,0
DA:52,4
LF:33
LH:29
BRDA:45,0,0,0
BRDA:45,0,1,4
BRF:2
BRH:1
end_of_record
TN:
SF:config\db.js
FN:3,(anonymous_0)
FNF:1
FNH:0
FNDA:0,(anonymous_0)
DA:1,4
DA:3,4
DA:4,0
DA:5,0
DA:6,0
DA:9,0
DA:10,0
DA:14,4
LF:8
LH:3
BRF:0
BRH:0
end_of_record
TN:
SF:config\socket.js
FN:3,(anonymous_0)
FN:5,(anonymous_1)
FN:11,(anonymous_2)
FN:17,(anonymous_3)
FN:21,(anonymous_4)
FN:34,(anonymous_5)
FNF:6
FNH:1
FNDA:4,(anonymous_0)
FNDA:0,(anonymous_1)
FNDA:0,(anonymous_2)
FNDA:0,(anonymous_3)
FNDA:0,(anonymous_4)
FNDA:0,(anonymous_5)
DA:1,4
DA:3,4
DA:5,4
DA:7,0
DA:11,0
DA:13,0
DA:14,0
DA:17,0
DA:18,0
DA:21,0
DA:22,0
DA:23,0
DA:29,0
DA:30,0
DA:34,0
DA:35,0
LF:16
LH:3
BRF:0
BRH:0
end_of_record
TN:
SF:controllers\aiController.js
FN:5,(anonymous_0)
FN:18,(anonymous_1)
FNF:2
FNH:0
FNDA:0,(anonymous_0)
FNDA:0,(anonymous_1)
DA:1,4
DA:2,4
DA:3,4
DA:5,4
DA:6,0
DA:7,0
DA:8,0
DA:14,0
DA:18,4
DA:19,0
DA:21,0
DA:23,0
DA:24,0
DA:28,0
DA:37,0
DA:38,0
DA:41,0
DA:46,0
DA:49,0
DA:52,4
LF:20
LH:6
BRDA:23,0,0,0
BRDA:23,0,1,0
BRDA:37,1,0,0
BRDA:37,1,1,0
BRF:4
BRH:0
end_of_record
TN:
SF:controllers\authController.js
FN:6,(anonymous_0)
FN:45,(anonymous_1)
FN:92,(anonymous_2)
FN:119,(anonymous_3)
FNF:4
FNH:2
FNDA:9,(anonymous_0)
FNDA:6,(anonymous_1)
FNDA:0,(anonymous_2)
FNDA:0,(anonymous_3)
DA:1,4
DA:2,4
DA:3,4
DA:6,4
DA:7,9
DA:8,9
DA:9,9
DA:10,9
DA:11,1
DA:16,8
DA:17,8
DA:25,8
DA:26,8
DA:39,0
DA:45,4
DA:46,6
DA:49,6
DA:51,6
DA:52,6
DA:53,0
DA:57,6
DA:58,6
DA:59,0
DA:63,6
DA:68,6
DA:80,0
DA:81,0
DA:92,4
DA:93,0
DA:94,0
DA:95,0
DA:96,0
DA:98,0
DA:111,0
DA:119,4
DA:120,0
DA:121,0
DA:122,0
DA:126,0
DA:127,0
DA:129,0
DA:135,0
DA:139,4
LF:43
LH:25
BRDA:10,0,0,1
BRDA:10,0,1,8
BRDA:52,1,0,0
BRDA:52,1,1,6
BRDA:58,2,0,0
BRDA:58,2,1,6
BRDA:95,3,0,0
BRDA:95,3,1,0
BRDA:113,4,0,0
BRDA:113,4,1,0
BRDA:126,5,0,0
BRDA:126,5,1,0
BRDA:135,6,0,0
BRDA:135,6,1,0
BRF:14
BRH:4
end_of_record
TN:
SF:controllers\joinRequestController.js
FN:5,(anonymous_0)
FN:62,(anonymous_1)
FN:113,(anonymous_2)
FN:155,(anonymous_3)
FNF:4
FNH:2
FNDA:2,(anonymous_0)
FNDA:0,(anonymous_1)
FNDA:2,(anonymous_2)
FNDA:0,(anonymous_3)
DA:1,4
DA:2,4
DA:3,4
DA:5,4
DA:6,2
DA:7,2
DA:8,2
DA:10,2
DA:11,2
DA:12,0
DA:18,2
DA:19,2
DA:20,2
DA:21,0
DA:26,2
DA:32,2
DA:33,2
DA:37,2
DA:39,2
DA:42,2
DA:56,0
DA:62,4
DA:63,0
DA:64,0
DA:65,0
DA:66,0
DA:72,0
DA:73,0
DA:75,0
DA:76,0
DA:81,0
DA:86,0
DA:89,0
DA:93,0
DA:95,0
DA:98,0
DA:107,0
DA:113,4
DA:114,2
DA:115,2
DA:117,2
DA:118,0
DA:123,2
DA:124,0
DA:126,2
DA:127,1
DA:130,1
DA:134,1
DA:138,1
DA:140,1
DA:142,1
DA:149,0
DA:155,4
DA:156,0
DA:157,0
DA:158,0
DA:167,0
DA:173,4
LF:58
LH:33
BRDA:11,0,0,0
BRDA:11,0,1,2
BRDA:20,1,0,0
BRDA:20,1,1,2
BRDA:57,2,0,0
BRDA:57,2,1,0
BRDA:65,3,0,0
BRDA:65,3,1,0
BRDA:72,4,0,0
BRDA:72,4,1,0
BRDA:75,5,0,0
BRDA:75,5,1,0
BRDA:108,6,0,0
BRDA:108,6,1,0
BRDA:117,7,0,0
BRDA:117,7,1,2
BRDA:123,8,0,0
BRDA:123,8,1,2
BRDA:126,9,0,1
BRDA:126,9,1,1
BRDA:150,10,0,0
BRDA:150,10,1,0
BRDA:168,11,0,0
BRDA:168,11,1,0
BRF:24
BRH:6
end_of_record
TN:
SF:controllers\messageController.js
FN:3,(anonymous_0)
FNF:1
FNH:0
FNDA:0,(anonymous_0)
DA:1,4
DA:3,4
DA:4,0
DA:5,0
DA:9,0
DA:18,0
DA:25,4
LF:7
LH:3
BRDA:19,0,0,0
BRDA:19,0,1,0
BRF:2
BRH:0
end_of_record
TN:
SF:controllers\notificationController.js
FN:4,(anonymous_0)
FN:21,(anonymous_1)
FNF:2
FNH:0
FNDA:0,(anonymous_0)
FNDA:0,(anonymous_1)
DA:1,4
DA:4,4
DA:5,0
DA:6,0
DA:7,0
DA:14,0
DA:21,4
DA:22,0
DA:23,0
DA:26,0
DA:27,0
DA:31,0
DA:38,0
DA:44,4
LF:14
LH:4
BRDA:15,0,0,0
BRDA:15,0,1,0
BRDA:26,1,0,0
BRDA:26,1,1,0
BRDA:39,2,0,0
BRDA:39,2,1,0
BRF:6
BRH:0
end_of_record
TN:
SF:controllers\projectController.js
FN:6,(anonymous_0)
FN:51,(anonymous_1)
FN:68,(anonymous_2)
FN:97,(anonymous_3)
FN:117,(anonymous_4)
FN:141,(anonymous_5)
FN:188,(anonymous_6)
FN:199,(anonymous_7)
FN:205,(anonymous_8)
FN:230,(anonymous_9)
FNF:10
FNH:1
FNDA:2,(anonymous_0)
FNDA:0,(anonymous_1)
FNDA:0,(anonymous_2)
FNDA:0,(anonymous_3)
FNDA:0,(anonymous_4)
FNDA:0,(anonymous_5)
FNDA:0,(anonymous_6)
FNDA:0,(anonymous_7)
FNDA:0,(anonymous_8)
FNDA:0,(anonymous_9)
DA:1,4
DA:2,4
DA:4,4
DA:6,4
DA:7,2
DA:8,2
DA:16,2
DA:27,2
DA:28,2
DA:45,0
DA:51,4
DA:52,0
DA:53,0
DA:54,0
DA:62,0
DA:68,4
DA:69,0
DA:70,0
DA:71,0
DA:72,0
DA:80,0
DA:90,0
DA:97,4
DA:98,0
DA:99,0
DA:100,0
DA:101,0
DA:106,0
DA:110,0
DA:117,4
DA:118,0
DA:119,0
DA:120,0
DA:121,0
DA:126,0
DA:135,0
DA:141,4
DA:142,0
DA:143,0
DA:144,0
DA:145,0
DA:146,0
DA:148,0
DA:149,0
DA:161,0
DA:162,0
DA:169,0
DA:176,0
DA:183,0
DA:188,4
DA:189,0
DA:190,0
DA:192,0
DA:193,0
DA:194,0
DA:196,0
DA:197,0
DA:199,0
DA:200,0
DA:201,0
DA:204,0
DA:205,0
DA:207,0
DA:210,0
DA:215,0
DA:217,0
DA:224,0
DA:230,4
DA:231,0
DA:232,0
DA:233,0
DA:234,0
DA:236,0
DA:237,0
DA:239,0
DA:240,0
DA:241,0
DA:242,0
DA:248,0
DA:253,0
DA:260,4
LF:81
LH:17
BRDA:71,0,0,0
BRDA:71,0,1,0
BRDA:91,1,0,0
BRDA:91,1,1,0
BRDA:100,2,0,0
BRDA:100,2,1,0
BRDA:111,3,0,0
BRDA:111,3,1,0
BRDA:120,4,0,0
BRDA:120,4,1,0
BRDA:136,5,0,0
BRDA:136,5,1,0
BRDA:145,6,0,0
BRDA:145,6,1,0
BRDA:148,7,0,0
BRDA:148,7,1,0
BRDA:161,8,0,0
BRDA:161,8,1,0
BRDA:184,9,0,0
BRDA:184,9,1,0
BRDA:193,10,0,0
BRDA:193,10,1,0
BRDA:196,11,0,0
BRDA:196,11,1,0
BRDA:200,12,0,0
BRDA:200,12,1,0
BRDA:225,13,0,0
BRDA:225,13,1,0
BRDA:233,14,0,0
BRDA:233,14,1,0
BRDA:236,15,0,0
BRDA:236,15,1,0
BRDA:240,16,0,0
BRDA:240,16,1,0
BRDA:254,17,0,0
BRDA:254,17,1,0
BRF:36
BRH:0
end_of_record
TN:
SF:middleware\auth.js
FN:3,(anonymous_0)
FNF:1
FNH:1
FNDA:7,(anonymous_0)
DA:1,4
DA:3,4
DA:4,7
DA:5,7
DA:6,7
DA:7,1
DA:13,6
DA:14,6
DA:15,6
DA:18,0
DA:24,4
LF:11
LH:10
BRDA:6,0,0,1
BRDA:6,0,1,6
BRF:2
BRH:2
end_of_record
TN:
SF:models\Message.js
FNF:0
FNH:0
DA:1,4
DA:3,4
DA:9,4
DA:10,4
LF:4
LH:4
BRF:0
BRH:0
end_of_record
TN:
SF:models\Project.js
FNF:0
FNH:0
DA:1,4
DA:3,4
DA:14,4
DA:16,4
LF:4
LH:4
BRF:0
BRH:0
end_of_record
TN:
SF:models\User.js
FNF:0
FNH:0
DA:1,4
DA:3,4
DA:13,4
DA:15,4
LF:4
LH:4
BRF:0
BRH:0
end_of_record
TN:
SF:models\joinRequest.js
FNF:0
FNH:0
DA:1,4
DA:3,4
DA:10,4
DA:12,4
LF:4
LH:4
BRF:0
BRH:0
end_of_record
TN:
SF:models\notification.js
FNF:0
FNH:0
DA:1,4
DA:3,4
DA:9,4
DA:10,4
LF:4
LH:4
BRF:0
BRH:0
end_of_record
TN:
SF:routes\aiRoutes.js
FNF:0
FNH:0
DA:1,4
DA:2,4
DA:3,4
DA:4,4
DA:6,4
DA:7,4
DA:8,4
LF:7
LH:7
BRF:0
BRH:0
end_of_record
TN:
SF:routes\authRoutes.js
FNF:0
FNH:0
DA:1,4
DA:2,4
DA:3,4
DA:4,4
DA:6,4
DA:8,4
DA:10,4
DA:12,4
DA:20,4
LF:9
LH:9
BRF:0
BRH:0
end_of_record
TN:
SF:routes\joinRequestRoutes.js
FNF:0
FNH:0
DA:1,4
DA:2,4
DA:4,4
DA:5,4
DA:7,4
DA:8,4
DA:9,4
DA:10,4
DA:12,4
LF:9
LH:9
BRF:0
BRH:0
end_of_record
TN:
SF:routes\messageRoutes.js
FNF:0
FNH:0
DA:1,4
DA:2,4
DA:3,4
DA:4,4
DA:6,4
DA:8,4
LF:6
LH:6
BRF:0
BRH:0
end_of_record
TN:
SF:routes\notificationRoutes.js
FNF:0
FNH:0
DA:1,4
DA:2,4
DA:3,4
DA:4,4
DA:5,4
DA:6,4
DA:8,4
LF:7
LH:7
BRF:0
BRH:0
end_of_record
TN:
SF:routes\projectRoutes.js
FNF:0
FNH:0
DA:1,4
DA:2,4
DA:3,4
DA:4,4
DA:6,4
DA:7,4
DA:8,4
DA:9,4
DA:10,4
DA:11,4
DA:12,4
DA:13,4
DA:15,4
LF:13
LH:13
BRF:0
BRH:0
end_of_record
TN:
SF:services\aiServices.js
FN:27,(anonymous_0)
FN:34,(anonymous_1)
FN:37,(anonymous_2)
FN:40,(anonymous_3)
FNF:4
FNH:0
FNDA:0,(anonymous_0)
FNDA:0,(anonymous_1)
FNDA:0,(anonymous_2)
FNDA:0,(anonymous_3)
DA:2,4
DA:27,4
DA:28,0
DA:30,0
DA:34,4
DA:36,0
DA:37,0
DA:39,0
DA:40,0
DA:47,0
DA:77,0
DA:79,0
DA:84,0
DA:85,0
DA:88,0
DA:89,0
DA:93,4
LF:17
LH:4
BRF:0
BRH:0
end_of_record
TN:
SF:services\geminiService.js
FN:9,(anonymous_0)
FNF:1
FNH:0
FNDA:0,(anonymous_0)
DA:1,4
DA:3,4
DA:5,4
DA:9,4
DA:10,0
DA:12,0
DA:14,0
DA:17,0
DA:18,0
DA:21,4
LF:10
LH:5
BRF:0
BRH:0
end_of_record
TN:
SF:test\helpers.js
FN:4,registerAndLogin
FNF:1
FNH:1
FNDA:6,registerAndLogin
DA:1,2
DA:2,2
DA:8,6
DA:11,6
DA:12,6
DA:16,2
LF:6
LH:6
BRF:0
BRH:0
end_of_record
TN:
SF:test\setup.js
FN:6,(anonymous_0)
FN:12,(anonymous_1)
FN:19,(anonymous_2)
FNF:3
FNH:3
FNDA:5,(anonymous_0)
FNDA:7,(anonymous_1)
FNDA:5,(anonymous_2)
DA:1,5
DA:2,5
DA:6,5
DA:7,5
DA:8,5
DA:9,5
DA:12,5
DA:13,7
DA:14,7
DA:15,30
DA:19,5
DA:20,5
DA:21,5
LF:13
LH:13
BRF:0
BRH:0
end_of_record
